{"sender_number":"255744648052@s.whatsapp.net","message":"bad","rating":2}
{"sender_number":"255744648052@s.whatsapp.net","message":"nice","rating":4}
{"sender_number":"255744648052@s.whatsapp.net","message":"it was bad","rating":2}
{"sender_number":"255744648052@s.whatsapp.net","message":"it was bad","rating":2}
{"sender_number":"255744648052@s.whatsapp.net","message":"i had a nice experience","rating":3}
{"sender_number":"255744648052@s.whatsapp.net","message":"i had a nice experience","rating":3}
{"sender_number":"255744648052@s.whatsapp.net","message":"i had good experience","rating":8}
{"sender_number":"255744648052@s.whatsapp.net","message":"i had a good time","rating":10}
{"sender_number":"255744648052@s.whatsapp.net","message":"Good experience","rating":8}
{"sender_number":"255744648052@s.whatsapp.net","message":"i had amazing time","rating":10}
{"sender_number":"255744648052@s.whatsapp.net","message":"hi","rating":2}
{"sender_number":"255744648052@s.whatsapp.net","message":"i had a good experience","rating":7,"organization_id":3}
{"sender_number":"255744648052@s.whatsapp.net","message":"not bd","rating":9,"organization_id":3}
{"sender_number":"255744648052@s.whatsapp.net","message":"i had nice experience","rating":9,"organization_id":3}
{"sender_number":"255686768052@s.whatsapp.net","message":"Ballistic","rating":10,"organization_id":1}
{"sender_number":"255744648052@s.whatsapp.net","message":"Hey there!","rating":9,"organization_id":1}
{"sender_number":"255744648052@s.whatsapp.net","message":"9","rating":9,"organization_id":1}
{"sender_number":"255744648052@s.whatsapp.net","message":"i had an amazing time","rating":9,"organization_id":1}
{"sender_number":"255686768052@s.whatsapp.net","message":"Good stuff","rating":9,"organization_id":1}
{"sender_number":"255744648052@s.whatsapp.net","message":"The waitress was rude.","rating":2,"organization_id":1}
{"sender_number":"255744648052@s.whatsapp.net","message":"Bad experience","rating":1,"organization_id":1}
{"sender_number":"255744648052@s.whatsapp.net","message":"Had a bad experience","rating":2,"organization_id":1}
